## Python Version: 2.7.11
## Psychopy Version:1.85.2
## iViewX Version: 4.4.0
## iViewX API Version: 4.4.0
## Eyetracker Sampling Rate: 60
## Calib Matrix: [[ 14.29411294   1.32790604], [ -5.21964557   1.34478597], [  7.49635237   1.3119704 ], [ -5.45542969   1.34428431]]
1539771640.33;None;-1;MSG;Jump to Next Block
1539771640.33;None;-1;MSG;START calibration
1539771640.33;None;-1;MSG;AC at 0.000000 0.000000
1539771645.83;None;-1;MSG;AC at -11.000000 11.000000
1539771651.34;None;-1;MSG;AC at 11.000000 11.000000
1539771656.84;None;-1;MSG;AC at 11.000000 -11.000000
1539771662.35;None;-1;MSG;AC at -11.000000 -11.000000
1539771667.85;None;-1;MSG;AC at 11.000000 0.000000
1539771673.36;None;-1;MSG;AC at -11.000000 0.000000
1539771678.88;None;-1;MSG;AC at 0.000000 11.000000
1539771684.38;None;-1;MSG;AC at 0.000000 -11.000000
1539771689.38;None;-1;MSG;END calibration
1539772304.53;None;-1;MSG;START calibration
1539772304.53;None;-1;MSG;AC at 0.000000 0.000000
1539772310.03;None;-1;MSG;AC at -11.000000 11.000000
1539772315.54;None;-1;MSG;AC at 11.000000 11.000000
1539772321.04;None;-1;MSG;AC at 11.000000 -11.000000
1539772326.56;None;-1;MSG;AC at -11.000000 -11.000000
1539772332.07;None;-1;MSG;END calibration
1539772340.28;None;-1;MSG;START calibration
1539772340.28;None;-1;MSG;AC at 0.000000 0.000000
1539772345.78;None;-1;MSG;AC at -11.000000 11.000000
1539772351.29;None;-1;MSG;AC at 11.000000 11.000000
1539772356.79;None;-1;MSG;AC at 11.000000 -11.000000
1539772362.31;None;-1;MSG;AC at -11.000000 -11.000000
1539772367.81;None;-1;MSG;END calibration
